0 info it worked if it ends with ok
1 verbose cli [ 'C:\\DEV\\node\\node.exe',
1 verbose cli   'C:\\Users\\felix\\AppData\\Roaming\\npm\\node_modules\\npm\\bin\\npm-cli.js',
1 verbose cli   'run',
1 verbose cli   'server' ]
2 info using npm@3.10.8
3 info using node@v4.2.2
4 verbose run-script [ 'preserver', 'server', 'postserver' ]
5 info lifecycle webpack_starter@1.0.0~preserver: webpack_starter@1.0.0
6 silly lifecycle webpack_starter@1.0.0~preserver: no script for preserver, continuing
7 info lifecycle webpack_starter@1.0.0~server: webpack_starter@1.0.0
8 verbose lifecycle webpack_starter@1.0.0~server: unsafe-perm in lifecycle true
9 verbose lifecycle webpack_starter@1.0.0~server: PATH: C:\Users\felix\AppData\Roaming\npm\node_modules\npm\bin\node-gyp-bin;C:\Users\felix\Desktop\DEV1\JavaScript\ES6\node_modules\.bin;C:\Users\felix\AppData\Roaming\npm\node_modules\npm\bin\node-gyp-bin;C:\Users\felix\Desktop\DEV1\JavaScript\ES6\node_modules\.bin;C:\DEV\cmder\bin;C:\Program Files\Git\bin;C:\Program Files\Git\share\vim\vim74;C:\DEV\cmder\vendor\conemu-maximus5\ConEmu\Scripts;C:\DEV\cmder\vendor\conemu-maximus5;C:\DEV\cmder\vendor\conemu-maximus5\ConEmu;C:\ProgramData\Oracle\Java\javapath;C:\Program Files (x86)\Intel\iCLS Client\;C:\Program Files\Intel\iCLS Client\;C:\Windows\system32;C:\Windows;C:\Windows\System32\Wbem;C:\Windows\System32\WindowsPowerShell\v1.0\;C:\Program Files (x86)\Windows Live\Shared;C:\Program Files\Intel\WiFi\bin\;C:\Program Files\Common Files\Intel\WirelessCommon\;C:\Program Files\Intel\Intel(R) Management Engine Components\DAL;C:\Program Files\Intel\Intel(R) Management Engine Components\IPT;C:\Program Files (x86)\Intel\Intel(R) Management Engine Components\DAL;C:\Program Files (x86)\Intel\Intel(R) Management Engine Components\IPT;C:\Program Files (x86)\QuickTime\QTSystem\;C:\Program Files (x86)\NVIDIA Corporation\PhysX\Common;C:\xampp\mysql\bin;C:\xampp\php\;C:\WINDOWS\system32;C:\WINDOWS;C:\WINDOWS\System32\Wbem;C:\WINDOWS\System32\WindowsPowerShell\v1.0\;C:\DEV\node\;C:\Program Files (x86)\Skype\Phone\;C:\Program Files (x86)\GtkSharp\2.12\bin;C:\Program Files\Microsoft\Web Platform Installer\;C:\Program Files\Git\cmd;C:\Users\felix\AppData\Roaming\npm;C:\Users\felix\AppData\Local\Microsoft\WindowsApps;;C:\DEV\cmder
10 verbose lifecycle webpack_starter@1.0.0~server: CWD: C:\Users\felix\Desktop\DEV1\JavaScript\ES6
11 silly lifecycle webpack_starter@1.0.0~server: Args: [ '/d /s /c', 'live-server dist/' ]
12 silly lifecycle webpack_starter@1.0.0~server: Returned: code: 3221225786  signal: null
13 info lifecycle webpack_starter@1.0.0~server: Failed to exec server script
14 verbose stack Error: webpack_starter@1.0.0 server: `live-server dist/`
14 verbose stack Exit status 3221225786
14 verbose stack     at EventEmitter.<anonymous> (C:\Users\felix\AppData\Roaming\npm\node_modules\npm\lib\utils\lifecycle.js:255:16)
14 verbose stack     at emitTwo (events.js:87:13)
14 verbose stack     at EventEmitter.emit (events.js:172:7)
14 verbose stack     at ChildProcess.<anonymous> (C:\Users\felix\AppData\Roaming\npm\node_modules\npm\lib\utils\spawn.js:40:14)
14 verbose stack     at emitTwo (events.js:87:13)
14 verbose stack     at ChildProcess.emit (events.js:172:7)
14 verbose stack     at maybeClose (internal/child_process.js:818:16)
14 verbose stack     at Process.ChildProcess._handle.onexit (internal/child_process.js:211:5)
15 verbose pkgid webpack_starter@1.0.0
16 verbose cwd C:\Users\felix\Desktop\DEV1\JavaScript\ES6
17 error Windows_NT 10.0.14393
18 error argv "C:\\DEV\\node\\node.exe" "C:\\Users\\felix\\AppData\\Roaming\\npm\\node_modules\\npm\\bin\\npm-cli.js" "run" "server"
19 error node v4.2.2
20 error npm  v3.10.8
21 error code ELIFECYCLE
22 error webpack_starter@1.0.0 server: `live-server dist/`
22 error Exit status 3221225786
23 error Failed at the webpack_starter@1.0.0 server script 'live-server dist/'.
23 error Make sure you have the latest version of node.js and npm installed.
23 error If you do, this is most likely a problem with the webpack_starter package,
23 error not with npm itself.
23 error Tell the author that this fails on your system:
23 error     live-server dist/
23 error You can get information on how to open an issue for this project with:
23 error     npm bugs webpack_starter
23 error Or if that isn't available, you can get their info via:
23 error     npm owner ls webpack_starter
23 error There is likely additional logging output above.
24 verbose exit [ 1, true ]
